<?xml version="1.0" encoding="UTF-8"?>
<!-- Generated by org.testng.reporters.JUnitReportReporter -->
<testsuite skipped="0" hostname="MacintoshHDsMBP" name="com.liveguru.users.User_01_Login_To_System" tests="5" failures="0" timestamp="13 Sep 2020 15:48:37 GMT" time="0.013" errors="0">
  <testcase name="Register_01_Empty_Data" time="0.004" classname="com.liveguru.users.User_01_Login_To_System"/>
  <testcase name="Register_02_Invalid_Email" time="0.006" classname="com.liveguru.users.User_01_Login_To_System"/>
  <testcase name="Register_05_Valid_Data" time="0.001" classname="com.liveguru.users.User_01_Login_To_System"/>
  <testcase name="Register_03_Password_Less_Than_6_Chars" time="0.001" classname="com.liveguru.users.User_01_Login_To_System"/>
  <testcase name="Register_04_Password_Different_Confirm" time="0.001" classname="com.liveguru.users.User_01_Login_To_System"/>
</testsuite> <!-- com.liveguru.users.User_01_Login_To_System -->
