<?xml version="1.0" encoding="UTF-8"?>
<!-- Generated by org.testng.reporters.JUnitReportReporter -->
<testsuite skipped="0" hostname="MacintoshHDsMBP" name="com.liveguru.users.User_02_Register_To_System" tests="6" failures="0" timestamp="13 Sep 2020 15:48:37 GMT" time="0.007" errors="0">
  <testcase name="Login_06_Successful" time="0.000" classname="com.liveguru.users.User_02_Register_To_System"/>
  <testcase name="Login_01_Empty_Email_And_Password" time="0.001" classname="com.liveguru.users.User_02_Register_To_System"/>
  <testcase name="Login_05_Incorrect_Password" time="0.002" classname="com.liveguru.users.User_02_Register_To_System"/>
  <testcase name="Login_02_Invalid_Email" time="0.001" classname="com.liveguru.users.User_02_Register_To_System"/>
  <testcase name="Login_04_Password_Less_Than_6_Chars" time="0.002" classname="com.liveguru.users.User_02_Register_To_System"/>
  <testcase name="Login_03_Email_Not_Existing" time="0.001" classname="com.liveguru.users.User_02_Register_To_System"/>
</testsuite> <!-- com.liveguru.users.User_02_Register_To_System -->
